🔄 Синхронизация Exagres...
Удаляю старые 62 элементов Exagres...

🔍 Парсинг коллекций Exagres с лучшей обработкой...
🔍 Парсинг коллекций Exagres Ceramics...
  📄 Загрузка: https://www.exagres.es/colecciones-residencial/
  🔗 Коллекция: Gresan gres extruido
  📄 Загрузка: https://www.exagres.es/gresan-gres-extruido/
  ⬇️  Скачивание: https://www.exagres.es/wp-content/uploads/2023/06/CLIMAS-EXTREMOS-50x50.png...
  ⚠️  Файл слишком маленький (1714 bytes), пропускаем
  🔄 Повторная попытка 2/3...
  ⬇️  Скачивание: https://www.exagres.es/wp-content/uploads/2023/06/CLIMAS-EXTREMOS-50x50.png...
  ⚠️  Файл слишком маленький (1714 bytes), пропускаем
  🔄 Повторная попытка 3/3...
  ⬇️  Скачивание: https://www.exagres.es/wp-content/uploads/2023/06/CLIMAS-EXTREMOS-50x50.png...
  ⚠️  Файл слишком маленький (1714 bytes), пропускаем
  ⬇️  Скачивание: https://www.exagres.es/wp-content/uploads/2023/06/COLA-MILANO-50x50.png...
  ⚠️  Файл слишком маленький (736 bytes), пропускаем
  🔄 Повторная попытка 2/3...
  ⬇️  Скачивание: https://www.exagres.es/wp-content/uploads/2023/06/COLA-MILANO-50x50.png...
  ⚠️  Файл слишком маленький (736 bytes), пропускаем
  🔄 Повторная попытка 3/3...
  ⬇️  Скачивание: https://www.exagres.es/wp-content/uploads/2023/06/COLA-MILANO-50x50.png...
  ⚠️  Файл слишком маленький (736 bytes), пропускаем
  ⬇️  Скачивание: https://www.exagres.es/wp-content/uploads/2023/06/QUIMICOS-50x50.png...
  ⚠️  Файл слишком маленький (656 bytes), пропускаем
  🔄 Повторная попытка 2/3...
  ⬇️  Скачивание: https://www.exagres.es/wp-content/uploads/2023/06/QUIMICOS-50x50.png...
  ⚠️  Файл слишком маленький (656 bytes), пропускаем
  🔄 Повторная попытка 3/3...
  ⬇️  Скачивание: https://www.exagres.es/wp-content/uploads/2023/06/QUIMICOS-50x50.png...
  ⚠️  Файл слишком маленький (656 bytes), пропускаем
  ⬇️  Скачивание: https://www.exagres.es/wp-content/uploads/2023/06/ANTIDESLIZAMIENTO-50x50.png...
  ⚠️  Файл слишком маленький (806 bytes), пропускаем
  🔄 Повторная попытка 2/3...
  ⬇️  Скачивание: https://www.exagres.es/wp-content/uploads/2023/06/ANTIDESLIZAMIENTO-50x50.png...
  ⚠️  Файл слишком маленький (806 bytes), пропускаем
  🔄 Повторная попытка 3/3...
  ⬇️  Скачивание: https://www.exagres.es/wp-content/uploads/2023/06/ANTIDESLIZAMIENTO-50x50.png...
  ⚠️  Файл слишком маленький (806 bytes), пропускаем
  ⬇️  Скачивание: https://www.exagres.es/wp-content/uploads/2023/06/HELADAS-50x50.png...
  ⚠️  Файл слишком маленький (1477 bytes), пропускаем
  🔄 Повторная попытка 2/3...
  ⬇️  Скачивание: https://www.exagres.es/wp-content/uploads/2023/06/HELADAS-50x50.png...
  ⚠️  Файл слишком маленький (1477 bytes), пропускаем
  🔄 Повторная попытка 3/3...
  ⬇️  Скачивание: https://www.exagres.es/wp-content/uploads/2023/06/HELADAS-50x50.png...
  ⚠️  Файл слишком маленький (1477 bytes), пропускаем
  ⬇️  Скачивание: https://www.exagres.es/wp-content/uploads/2023/06/DESTONIFICACION-50x50.png...
  ⚠️  Файл слишком маленький (585 bytes), пропускаем
  🔄 Повторная попытка 2/3...
  ⬇️  Скачивание: https://www.exagres.es/wp-content/uploads/2023/06/DESTONIFICACION-50x50.png...
  ⚠️  Файл слишком маленький (585 bytes), пропускаем
  🔄 Повторная попытка 3/3...
  ⬇️  Скачивание: https://www.exagres.es/wp-content/uploads/2023/06/DESTONIFICACION-50x50.png...
  ⚠️  Файл слишком маленький (585 bytes), пропускаем
  ⬇️  Скачивание: https://www.exagres.es/wp-content/uploads/2023/06/CONTINUIDAD-ESTETICA-50x50.png...
  ⚠️  Файл слишком маленький (1442 bytes), пропускаем
  🔄 Повторная попытка 2/3...
  ⬇️  Скачивание: https://www.exagres.es/wp-content/uploads/2023/06/CONTINUIDAD-ESTETICA-50x50.png...
  ⚠️  Файл слишком маленький (1442 bytes), пропускаем
  🔄 Повторная попытка 3/3...
  ⬇️  Скачивание: https://www.exagres.es/wp-content/uploads/2023/06/CONTINUIDAD-ESTETICA-50x50.png...
  ⚠️  Файл слишком маленький (1442 bytes), пропускаем
  ⬇️  Скачивание: https://www.exagres.es/wp-content/uploads/2023/06/CALIDAD-50x50.png...
  ⚠️  Файл слишком маленький (492 bytes), пропускаем
  🔄 Повторная попытка 2/3...
  ⬇️  Скачивание: https://www.exagres.es/wp-content/uploads/2023/06/CALIDAD-50x50.png...
  ⚠️  Файл слишком маленький (492 bytes), пропускаем
  🔄 Повторная попытка 3/3...
  ⬇️  Скачивание: https://www.exagres.es/wp-content/uploads/2023/06/CALIDAD-50x50.png...
  ⚠️  Файл слишком маленький (492 bytes), пропускаем
  ⬇️  Скачивание: https://exagres.es/wp-content/uploads/2022/05/news-exagres.png...
  ✓ Сохранено: exagres_2114434662.png (24030 bytes)
  🔗 Коллекция: Pavimento industrial
  📄 Загрузка: https://www.exagres.es/suelo-industrial/
  ⬇️  Скачивание: https://www.exagres.es/wp-content/uploads/2021/05/AMBIENTE-PROYECT-BODEGA-05.jpg...
  ✓ Сохранено: exagres_a964acfba8.jpg (299816 bytes)
  🔗 Коллекция: Torelos para peldaños
  📄 Загрузка: https://www.exagres.es/torelos-para-peldanos/
  ⬇️  Скачивание: https://www.exagres.es/wp-content/uploads/2021/06/T-6210-35X695MM.jpg...
  ✓ Сохранено: exagres_e3ba2dd337.jpg (5713 bytes)
  🔗 Коллекция: Vierteaguas
  📄 Загрузка: https://www.exagres.es/vierteaguas/
  ⬇️  Скачивание: https://www.exagres.es/wp-content/uploads/2021/06/VIERTEAGUAS-NATURAL-325X300X35...
  ✓ Сохранено: exagres_014b841649.jpg (61973 bytes)
  🔗 Коллекция: Pasamanos
  📄 Загрузка: https://www.exagres.es/pasamanos/
  ⬇️  Скачивание: https://www.exagres.es/wp-content/uploads/2021/06/PASAMANOS-NATURAL-275X325MM.jp...
  ✓ Сохранено: exagres_6eb1c17099.jpg (64670 bytes)
  🔗 Коллекция: Suelo exterior
  📄 Загрузка: https://www.exagres.es/suelo-exterior/
  ⬇️  Скачивание: https://www.exagres.es/wp-content/uploads/2021/05/DET-IMPERIAL-ARIAN-PISCINA-BAJ...
  ✓ Сохранено: exagres_753d194b86.jpg (994044 bytes)
  🔗 Коллекция: Suelos de interior
  📄 Загрузка: https://www.exagres.es/suelos-de-interior/
  ⬇️  Скачивание: https://www.exagres.es/wp-content/uploads/2021/06/AMB_OPERA_LIGHT_COCINA.jpg...
  ✓ Сохранено: exagres_a2a2dedcf2.jpg (137013 bytes)
  🔗 Коллекция: Piscinas
  📄 Загрузка: https://www.exagres.es/suelo-piscina/
  ⬇️  Скачивание: https://www.exagres.es/wp-content/uploads/2025/06/INFINITYOK.jpg...
  ✓ Сохранено: exagres_347e8749d0.jpg (916426 bytes)
  🔗 Коллекция: Piscina desbordante
  📄 Загрузка: https://www.exagres.es/piscina-desbordante/
  ⬇️  Скачивание: https://www.exagres.es/wp-content/uploads/2025/10/DRACH-1.jpg...
  ✓ Сохранено: exagres_1fdd477346.jpg (102835 bytes)
  🔗 Коллекция: Piscina Infinity
  📄 Загрузка: https://www.exagres.es/piscina-infinity/
  ⬇️  Скачивание: https://www.exagres.es/wp-content/uploads/2021/10/ambiente-recortado6.jpg...
  ✓ Сохранено: exagres_a70606a840.jpg (1324686 bytes)
  🔗 Коллекция: Piscinas Porcelánicas
  📄 Загрузка: https://www.exagres.es/piscinas-porcelanicas/
  ⬇️  Скачивание: https://www.exagres.es/wp-content/uploads/2025/06/warning.png...
  ✓ Сохранено: exagres_6667ecf019.png (99742 bytes)
  🔗 Коллекция: Piscinas Modernas
  📄 Загрузка: https://www.exagres.es/piscinas-modernas/
  ⬇️  Скачивание: https://www.exagres.es/wp-content/uploads/2025/10/serie-provenza-rustico-600x800...
  ✓ Сохранено: exagres_43f4ecdfab.jpg (96445 bytes)
  🔗 Коллекция: Color del agua para piscinas
  📄 Загрузка: https://www.exagres.es/color-del-agua-para-piscinas/
  ⬇️  Скачивание: https://www.exagres.es/wp-content/uploads/2025/06/Imperial-ceniza-espejo.png...
  ✓ Сохранено: exagres_f7f4b9a2d3.png (5882478 bytes)
  🔗 Коллекция: Fachadas Ventiladas
  📄 Загрузка: https://www.exagres.es/fachadas-ventiladas/
  ⬇️  Скачивание: https://www.exagres.es/wp-content/uploads/2021/06/SAPELLY_A_397X800MM-e162383708...
  ✓ Сохранено: exagres_a1d7fb0622.jpg (19310 bytes)
  🔗 Коллекция: Deck cerámico
  📄 Загрузка: https://exagres.es/suelo-tecnico-elevado-registrable/
  ⬇️  Скачивание: https://www.exagres.es/wp-content/uploads/2021/06/ADA_2022-Winner_Sustainability...
  ✓ Сохранено: exagres_a7604f2108.jpg (953447 bytes)
  🔗 Коллекция: Skimmer piscina
  📄 Загрузка: https://www.exagres.es/skimmer-piscina/
  ⬇️  Скачивание: https://www.exagres.es/wp-content/uploads/2021/10/ambiente-recortado7.jpg...
  ✓ Сохранено: exagres_df8410e9b9.jpg (1118512 bytes)
  🔗 Коллекция: Bodegas
  📄 Загрузка: https://www.exagres.es/suelos-para-bodegas/
  ⬇️  Скачивание: https://www.exagres.es/wp-content/uploads/2021/06/701-BASE12-120X245X18MM-TEXT-G...
  ⚠️  Файл слишком маленький (1333 bytes), пропускаем
  🔄 Повторная попытка 2/3...
  ⬇️  Скачивание: https://www.exagres.es/wp-content/uploads/2021/06/701-BASE12-120X245X18MM-TEXT-G...
  ⚠️  Файл слишком маленький (1333 bytes), пропускаем
  🔄 Повторная попытка 3/3...
  ⬇️  Скачивание: https://www.exagres.es/wp-content/uploads/2021/06/701-BASE12-120X245X18MM-TEXT-G...
  ⚠️  Файл слишком маленький (1333 bytes), пропускаем
  ⬇️  Скачивание: https://www.exagres.es/wp-content/uploads/2021/06/701-BASE12-120X245X18MM-TEXT-R...
  ⚠️  Файл слишком маленький (1497 bytes), пропускаем
  🔄 Повторная попытка 2/3...
  ⬇️  Скачивание: https://www.exagres.es/wp-content/uploads/2021/06/701-BASE12-120X245X18MM-TEXT-R...
  ⚠️  Файл слишком маленький (1497 bytes), пропускаем
  🔄 Повторная попытка 3/3...
  ⬇️  Скачивание: https://www.exagres.es/wp-content/uploads/2021/06/701-BASE12-120X245X18MM-TEXT-R...
  ⚠️  Файл слишком маленький (1497 bytes), пропускаем
  ⬇️  Скачивание: https://www.exagres.es/wp-content/uploads/2021/06/BASE12-701-705-120X245X12MM-NA...
  ⚠️  Файл слишком маленький (943 bytes), пропускаем
  🔄 Повторная попытка 2/3...
  ⬇️  Скачивание: https://www.exagres.es/wp-content/uploads/2021/06/BASE12-701-705-120X245X12MM-NA...
  ⚠️  Файл слишком маленький (943 bytes), пропускаем
  🔄 Повторная попытка 3/3...
  ⬇️  Скачивание: https://www.exagres.es/wp-content/uploads/2021/06/BASE12-701-705-120X245X12MM-NA...
  ⚠️  Файл слишком маленький (943 bytes), пропускаем
  ⬇️  Скачивание: https://www.exagres.es/wp-content/uploads/2021/06/701-705-BASE12-120X245X18MM-TE...
  ⚠️  Файл слишком маленький (1156 bytes), пропускаем
  🔄 Повторная попытка 2/3...
  ⬇️  Скачивание: https://www.exagres.es/wp-content/uploads/2021/06/701-705-BASE12-120X245X18MM-TE...
  ⚠️  Файл слишком маленький (1156 bytes), пропускаем
  🔄 Повторная попытка 3/3...
  ⬇️  Скачивание: https://www.exagres.es/wp-content/uploads/2021/06/701-705-BASE12-120X245X18MM-TE...
  ⚠️  Файл слишком маленький (1156 bytes), пропускаем
  ⬇️  Скачивание: https://www.exagres.es/wp-content/uploads/2021/05/AMBIENTE-PROYECT-BODEGA-01.jpg...
  ✓ Сохранено: exagres_66c898edc4.jpg (393929 bytes)
  🔗 Коллекция: Cocinas
  📄 Загрузка: https://www.exagres.es/suelo-industrial-cocina/
  ⬇️  Скачивание: https://www.exagres.es/wp-content/uploads/2021/06/701-BASE12-120X245X18MM-TEXT-G...
  ⚠️  Файл слишком маленький (1333 bytes), пропускаем
  🔄 Повторная попытка 2/3...
  ⬇️  Скачивание: https://www.exagres.es/wp-content/uploads/2021/06/701-BASE12-120X245X18MM-TEXT-G...
  ⚠️  Файл слишком маленький (1333 bytes), пропускаем
  🔄 Повторная попытка 3/3...
  ⬇️  Скачивание: https://www.exagres.es/wp-content/uploads/2021/06/701-BASE12-120X245X18MM-TEXT-G...
  ⚠️  Файл слишком маленький (1333 bytes), пропускаем
  ⬇️  Скачивание: https://www.exagres.es/wp-content/uploads/2021/06/701-BASE12-120X245X18MM-TEXT-R...
  ⚠️  Файл слишком маленький (1497 bytes), пропускаем
  🔄 Повторная попытка 2/3...
  ⬇️  Скачивание: https://www.exagres.es/wp-content/uploads/2021/06/701-BASE12-120X245X18MM-TEXT-R...
  ⚠️  Файл слишком маленький (1497 bytes), пропускаем
  🔄 Повторная попытка 3/3...
  ⬇️  Скачивание: https://www.exagres.es/wp-content/uploads/2021/06/701-BASE12-120X245X18MM-TEXT-R...
  ⚠️  Файл слишком маленький (1497 bytes), пропускаем
  ⬇️  Скачивание: https://www.exagres.es/wp-content/uploads/2021/06/BASE12-701-705-120X245X12MM-NA...
  ⚠️  Файл слишком маленький (943 bytes), пропускаем
  🔄 Повторная попытка 2/3...
  ⬇️  Скачивание: https://www.exagres.es/wp-content/uploads/2021/06/BASE12-701-705-120X245X12MM-NA...
  ⚠️  Файл слишком маленький (943 bytes), пропускаем
  🔄 Повторная попытка 3/3...
  ⬇️  Скачивание: https://www.exagres.es/wp-content/uploads/2021/06/BASE12-701-705-120X245X12MM-NA...
  ⚠️  Файл слишком маленький (943 bytes), пропускаем
  ⬇️  Скачивание: https://www.exagres.es/wp-content/uploads/2021/06/701-705-BASE12-120X245X18MM-TE...
  ⚠️  Файл слишком маленький (1156 bytes), пропускаем
  🔄 Повторная попытка 2/3...
  ⬇️  Скачивание: https://www.exagres.es/wp-content/uploads/2021/06/701-705-BASE12-120X245X18MM-TE...
  ⚠️  Файл слишком маленький (1156 bytes), пропускаем
  🔄 Повторная попытка 3/3...
  ⬇️  Скачивание: https://www.exagres.es/wp-content/uploads/2021/06/701-705-BASE12-120X245X18MM-TE...
  ⚠️  Файл слишком маленький (1156 bytes), пропускаем
  ⬇️  Скачивание: https://www.exagres.es/wp-content/uploads/2021/05/Suelo-industrial-para-cocinas-...
  ✓ Сохранено: exagres_b22c0f21b2.webp (135620 bytes)
  🔗 Коллекция: Terrazas
  📄 Загрузка: https://www.exagres.es/suelos-para-terrazas/
  ⬇️  Скачивание: https://www.exagres.es/wp-content/uploads/2024/05/AMB-PORTLAND-fondant-ALTA-v3-s...
  ✓ Сохранено: exagres_97f6f996ea.jpg (1065407 bytes)
  🔗 Коллекция: Patios
  📄 Загрузка: https://www.exagres.es/suelos-para-patios-exteriores/
  ⬇️  Скачивание: https://www.exagres.es/wp-content/uploads/2021/07/AMBIENTE-ALBARRACIN-BOREAL-OCE...
  ✓ Сохранено: exagres_74e0157d61.jpg (388021 bytes)
  🔗 Коллекция: Jardín
  📄 Загрузка: https://www.exagres.es/suelos-para-jardin/
  ⬇️  Скачивание: https://www.exagres.es/wp-content/uploads/2024/07/Serie-Provenza-Bianco.webp...
  ✓ Сохранено: exagres_c3d21b1aa0.webp (251800 bytes)
  🔗 Коллекция: Escaleras Exteriores
  📄 Загрузка: https://www.exagres.es/suelo-escalera-exterior/
  ⬇️  Скачивание: https://www.exagres.es/wp-content/uploads/2021/05/HOTEL_BODEGA_VILLAFRANCA-PENED...
  ✓ Сохранено: exagres_528560300d.jpg (241389 bytes)
  🔗 Коллекция: 20MM
  📄 Загрузка: https://www.exagres.es/pavimento-exterior-20mm/
  ⬇️  Скачивание: https://www.exagres.es/wp-content/uploads/2022/07/COLOCACION-SOBRE-PLOTS-scaled....
  ✓ Сохранено: exagres_7db50ba465.jpg (1264167 bytes)
  🔗 Коллекция: Duchas
  📄 Загрузка: https://www.exagres.es/suelos-de-ducha/
  ⬇️  Скачивание: https://www.exagres.es/wp-content/uploads/2021/06/AMBIENTE-BALI-NATURAL.jpg...
  ✓ Сохранено: exagres_2d75dd01d7.jpg (433230 bytes)
  🔗 Коллекция: Escaleras Interiores
  📄 Загрузка: https://www.exagres.es/suelos-para-escaleras-interiores/
  ⬇️  Скачивание: https://www.exagres.es/wp-content/uploads/2024/07/AMBIENTE-NICE-1.jpg...
  ✓ Сохранено: exagres_5d5806fe83.jpg (4088071 bytes)
  🔗 Коллекция: Cocinas
  📄 Загрузка: https://www.exagres.es/suelos-para-cocinas/
  ⬇️  Скачивание: https://www.exagres.es/wp-content/uploads/2021/05/AMBIENTE-ALBARRACIN-BARBACOA.j...
  ✓ Сохранено: exagres_d9a782f8db.jpg (411931 bytes)
  🔗 Коллекция: Deck cerámico
  📄 Загрузка: https://www.exagres.es/suelo-tecnico-elevado-exterior/
  ℹ️  Изображение уже существует: exagres_a7604f2108.jpg
  🔗 Коллекция: Piscina particular Benicassim
  📄 Загрузка: https://www.exagres.es/proyectos/piscina-particular-benicassim/
  ℹ️  Изображение уже существует: exagres_510b6ba39c.png
  🔗 Коллекция: Piscina Brasil
  📄 Загрузка: https://www.exagres.es/proyectos/piscina-brasil/
  ℹ️  Изображение уже существует: exagres_510b6ba39c.png
  🔗 Коллекция: Piscina Benicassim
  📄 Загрузка: https://www.exagres.es/proyectos/piscina-benicassim/
  ℹ️  Изображение уже существует: exagres_510b6ba39c.png
  🔗 Коллекция: Piscina Privada Fuerteventura
  📄 Загрузка: https://www.exagres.es/proyectos/piscina-privada-fuerteventura/
  ⚠️  Невалидный URL изображения: //www.exagres.es/wp-content/plugins/revslider/sr6/assets/assets/dummy.png
  ⚠️  Невалидный URL изображения: //www.exagres.es/wp-content/plugins/revslider/sr6/assets/assets/dummy.png
  ⚠️  Невалидный URL изображения: //www.exagres.es/wp-content/plugins/revslider/sr6/assets/assets/dummy.png
  ⚠️  Невалидный URL изображения: //www.exagres.es/wp-content/plugins/revslider/sr6/assets/assets/dummy.png
  ℹ️  Изображение уже существует: exagres_2114434662.png
  ✅ Найдено коллекций: 31
Найдено коллекций: 31
✓ Добавлена коллекция: Gresan gres extruido
✓ Добавлена коллекция: Pavimento industrial
✓ Добавлена коллекция: Torelos para peldaños
✓ Добавлена коллекция: Vierteaguas
✓ Добавлена коллекция: Pasamanos
✓ Добавлена коллекция: Suelo exterior
✓ Добавлена коллекция: Suelos de interior
✓ Добавлена коллекция: Piscinas
✓ Добавлена коллекция: Piscina desbordante
✓ Добавлена коллекция: Piscina Infinity
✓ Добавлена коллекция: Piscinas Porcelánicas
✓ Добавлена коллекция: Piscinas Modernas
✓ Добавлена коллекция: Color del agua para piscinas
✓ Добавлена коллекция: Fachadas Ventiladas
✓ Добавлена коллекция: Deck cerámico
✓ Добавлена коллекция: Skimmer piscina
✓ Добавлена коллекция: Bodegas
✓ Добавлена коллекция: Cocinas
✓ Добавлена коллекция: Terrazas
✓ Добавлена коллекция: Patios
✓ Добавлена коллекция: Jardín
✓ Добавлена коллекция: Escaleras Exteriores
✓ Добавлена коллекция: 20MM
✓ Добавлена коллекция: Duchas
✓ Добавлена коллекция: Escaleras Interiores
ℹ️  Уже существует: Cocinas
ℹ️  Уже существует: Deck cerámico
✓ Добавлена коллекция: Piscina particular Benicassim
✓ Добавлена коллекция: Piscina Brasil
✓ Добавлена коллекция: Piscina Benicassim
✓ Добавлена коллекция: Piscina Privada Fuerteventura

✅ Добавлено коллекций: 29

📊 Статус Exagres:
   Всего контента: 29
   С картинками: 29
   Без картинок: 0
