🔄 Синхронизация Exagres...
Удаляю 14 элементов без картинок...

🔍 Парсинг коллекций Exagres с лучшей обработкой...
🔍 Парсинг коллекций Exagres Ceramics...
  📄 Загрузка: https://www.exagres.es/colecciones-residencial/
  🔗 Коллекция: Gresan gres extruido
  📄 Загрузка: https://www.exagres.es/gresan-gres-extruido/
  ⬇️  Скачивание: https://www.facebook.com/tr?id=442061366622575&ev=PageView&noscript=1...
  ⚠️  Не является изображением: text/plain
  ⬇️  Скачивание: https://px.ads.linkedin.com/collect/?pid=2460161&fmt=gif...
  ⚠️  Файл слишком маленький (43 bytes), пропускаем
  🔄 Повторная попытка 2/3...
  ⬇️  Скачивание: https://px.ads.linkedin.com/collect/?pid=2460161&fmt=gif...
  ⚠️  Файл слишком маленький (43 bytes), пропускаем
  🔄 Повторная попытка 3/3...
  ⬇️  Скачивание: https://px.ads.linkedin.com/collect/?pid=2460161&fmt=gif...
  ⚠️  Файл слишком маленький (43 bytes), пропускаем
  ℹ️  Изображение уже существует: exagres_f9b3a1c60a.png
  🔗 Коллекция: Pavimento industrial
  📄 Загрузка: https://www.exagres.es/suelo-industrial/
  ⬇️  Скачивание: https://www.facebook.com/tr?id=442061366622575&ev=PageView&noscript=1...
  ⚠️  Не является изображением: text/plain
  ⬇️  Скачивание: https://px.ads.linkedin.com/collect/?pid=2460161&fmt=gif...
  ⚠️  Файл слишком маленький (43 bytes), пропускаем
  🔄 Повторная попытка 2/3...
  ⬇️  Скачивание: https://px.ads.linkedin.com/collect/?pid=2460161&fmt=gif...
  ⚠️  Файл слишком маленький (43 bytes), пропускаем
  🔄 Повторная попытка 3/3...
  ⬇️  Скачивание: https://px.ads.linkedin.com/collect/?pid=2460161&fmt=gif...
  ⚠️  Файл слишком маленький (43 bytes), пропускаем
  ℹ️  Изображение уже существует: exagres_cfe6fb02d8.png
  🔗 Коллекция: Torelos para peldaños
  📄 Загрузка: https://www.exagres.es/torelos-para-peldanos/
  ⬇️  Скачивание: https://www.facebook.com/tr?id=442061366622575&ev=PageView&noscript=1...
  ⚠️  Не является изображением: text/plain
  ⬇️  Скачивание: https://px.ads.linkedin.com/collect/?pid=2460161&fmt=gif...
  ⚠️  Файл слишком маленький (43 bytes), пропускаем
  🔄 Повторная попытка 2/3...
  ⬇️  Скачивание: https://px.ads.linkedin.com/collect/?pid=2460161&fmt=gif...
  ⚠️  Файл слишком маленький (43 bytes), пропускаем
  🔄 Повторная попытка 3/3...
  ⬇️  Скачивание: https://px.ads.linkedin.com/collect/?pid=2460161&fmt=gif...
  ⚠️  Файл слишком маленький (43 bytes), пропускаем
  ℹ️  Изображение уже существует: exagres_cfe6fb02d8.png
  🔗 Коллекция: Vierteaguas
  📄 Загрузка: https://www.exagres.es/vierteaguas/
  ⬇️  Скачивание: https://www.facebook.com/tr?id=442061366622575&ev=PageView&noscript=1...
  ⚠️  Не является изображением: text/plain
  ⬇️  Скачивание: https://px.ads.linkedin.com/collect/?pid=2460161&fmt=gif...
  ⚠️  Файл слишком маленький (43 bytes), пропускаем
  🔄 Повторная попытка 2/3...
  ⬇️  Скачивание: https://px.ads.linkedin.com/collect/?pid=2460161&fmt=gif...
  ⚠️  Файл слишком маленький (43 bytes), пропускаем
  🔄 Повторная попытка 3/3...
  ⬇️  Скачивание: https://px.ads.linkedin.com/collect/?pid=2460161&fmt=gif...
  ⚠️  Файл слишком маленький (43 bytes), пропускаем
  ℹ️  Изображение уже существует: exagres_cfe6fb02d8.png
  🔗 Коллекция: Pasamanos
  📄 Загрузка: https://www.exagres.es/pasamanos/
  ⬇️  Скачивание: https://www.facebook.com/tr?id=442061366622575&ev=PageView&noscript=1...
  ⚠️  Не является изображением: text/plain
  ⬇️  Скачивание: https://px.ads.linkedin.com/collect/?pid=2460161&fmt=gif...
  ⚠️  Файл слишком маленький (43 bytes), пропускаем
  🔄 Повторная попытка 2/3...
  ⬇️  Скачивание: https://px.ads.linkedin.com/collect/?pid=2460161&fmt=gif...
  ⚠️  Файл слишком маленький (43 bytes), пропускаем
  🔄 Повторная попытка 3/3...
  ⬇️  Скачивание: https://px.ads.linkedin.com/collect/?pid=2460161&fmt=gif...
  ⚠️  Файл слишком маленький (43 bytes), пропускаем
  ℹ️  Изображение уже существует: exagres_cfe6fb02d8.png
  🔗 Коллекция: Suelo exterior
  📄 Загрузка: https://www.exagres.es/suelo-exterior/
  ⬇️  Скачивание: https://www.facebook.com/tr?id=442061366622575&ev=PageView&noscript=1...
  ⚠️  Не является изображением: text/plain
  ⬇️  Скачивание: https://px.ads.linkedin.com/collect/?pid=2460161&fmt=gif...
  ⚠️  Файл слишком маленький (43 bytes), пропускаем
  🔄 Повторная попытка 2/3...
  ⬇️  Скачивание: https://px.ads.linkedin.com/collect/?pid=2460161&fmt=gif...
  ⚠️  Файл слишком маленький (43 bytes), пропускаем
  🔄 Повторная попытка 3/3...
  ⬇️  Скачивание: https://px.ads.linkedin.com/collect/?pid=2460161&fmt=gif...
  ⚠️  Файл слишком маленький (43 bytes), пропускаем
  ℹ️  Изображение уже существует: exagres_cfe6fb02d8.png
  🔗 Коллекция: Suelos de interior
  📄 Загрузка: https://www.exagres.es/suelos-de-interior/
  ⬇️  Скачивание: https://www.facebook.com/tr?id=442061366622575&ev=PageView&noscript=1...
  ⚠️  Не является изображением: text/plain
  ⬇️  Скачивание: https://px.ads.linkedin.com/collect/?pid=2460161&fmt=gif...
  ⚠️  Файл слишком маленький (43 bytes), пропускаем
  🔄 Повторная попытка 2/3...
  ⬇️  Скачивание: https://px.ads.linkedin.com/collect/?pid=2460161&fmt=gif...
  ⚠️  Файл слишком маленький (43 bytes), пропускаем
  🔄 Повторная попытка 3/3...
  ⬇️  Скачивание: https://px.ads.linkedin.com/collect/?pid=2460161&fmt=gif...
  ⚠️  Файл слишком маленький (43 bytes), пропускаем
  ℹ️  Изображение уже существует: exagres_cfe6fb02d8.png
  🔗 Коллекция: Piscinas
  📄 Загрузка: https://www.exagres.es/suelo-piscina/
  ⬇️  Скачивание: https://www.facebook.com/tr?id=442061366622575&ev=PageView&noscript=1...
  ⚠️  Не является изображением: text/plain
  ⬇️  Скачивание: https://px.ads.linkedin.com/collect/?pid=2460161&fmt=gif...
  ⚠️  Файл слишком маленький (43 bytes), пропускаем
  🔄 Повторная попытка 2/3...
  ⬇️  Скачивание: https://px.ads.linkedin.com/collect/?pid=2460161&fmt=gif...
  ⚠️  Файл слишком маленький (43 bytes), пропускаем
  🔄 Повторная попытка 3/3...
  ⬇️  Скачивание: https://px.ads.linkedin.com/collect/?pid=2460161&fmt=gif...
  ⚠️  Файл слишком маленький (43 bytes), пропускаем
  ℹ️  Изображение уже существует: exagres_f9b3a1c60a.png
  🔗 Коллекция: Piscina desbordante
  📄 Загрузка: https://www.exagres.es/piscina-desbordante/
  ⬇️  Скачивание: https://www.facebook.com/tr?id=442061366622575&ev=PageView&noscript=1...
  ⚠️  Не является изображением: text/plain
  ⬇️  Скачивание: https://px.ads.linkedin.com/collect/?pid=2460161&fmt=gif...
  ⚠️  Файл слишком маленький (43 bytes), пропускаем
  🔄 Повторная попытка 2/3...
  ⬇️  Скачивание: https://px.ads.linkedin.com/collect/?pid=2460161&fmt=gif...
  ⚠️  Файл слишком маленький (43 bytes), пропускаем
  🔄 Повторная попытка 3/3...
  ⬇️  Скачивание: https://px.ads.linkedin.com/collect/?pid=2460161&fmt=gif...
  ⚠️  Файл слишком маленький (43 bytes), пропускаем
  ℹ️  Изображение уже существует: exagres_cfe6fb02d8.png
  🔗 Коллекция: Piscina Infinity
  📄 Загрузка: https://www.exagres.es/piscina-infinity/
  ⬇️  Скачивание: https://www.facebook.com/tr?id=442061366622575&ev=PageView&noscript=1...
  ⚠️  Не является изображением: text/plain
  ⬇️  Скачивание: https://px.ads.linkedin.com/collect/?pid=2460161&fmt=gif...
  ⚠️  Файл слишком маленький (43 bytes), пропускаем
  🔄 Повторная попытка 2/3...
  ⬇️  Скачивание: https://px.ads.linkedin.com/collect/?pid=2460161&fmt=gif...
  ⚠️  Файл слишком маленький (43 bytes), пропускаем
  🔄 Повторная попытка 3/3...
  ⬇️  Скачивание: https://px.ads.linkedin.com/collect/?pid=2460161&fmt=gif...
  ⚠️  Файл слишком маленький (43 bytes), пропускаем
  ℹ️  Изображение уже существует: exagres_cfe6fb02d8.png
  🔗 Коллекция: Piscinas Porcelánicas
  📄 Загрузка: https://www.exagres.es/piscinas-porcelanicas/
  ⬇️  Скачивание: https://www.facebook.com/tr?id=442061366622575&ev=PageView&noscript=1...
  ⚠️  Не является изображением: text/plain
  ⬇️  Скачивание: https://px.ads.linkedin.com/collect/?pid=2460161&fmt=gif...
  ⚠️  Файл слишком маленький (43 bytes), пропускаем
  🔄 Повторная попытка 2/3...
  ⬇️  Скачивание: https://px.ads.linkedin.com/collect/?pid=2460161&fmt=gif...
  ⚠️  Файл слишком маленький (43 bytes), пропускаем
  🔄 Повторная попытка 3/3...
  ⬇️  Скачивание: https://px.ads.linkedin.com/collect/?pid=2460161&fmt=gif...
  ⚠️  Файл слишком маленький (43 bytes), пропускаем
  ℹ️  Изображение уже существует: exagres_cfe6fb02d8.png
  🔗 Коллекция: Piscinas Modernas
  📄 Загрузка: https://www.exagres.es/piscinas-modernas/
  ⬇️  Скачивание: https://www.facebook.com/tr?id=442061366622575&ev=PageView&noscript=1...
  ⚠️  Не является изображением: text/plain
  ⬇️  Скачивание: https://px.ads.linkedin.com/collect/?pid=2460161&fmt=gif...
  ⚠️  Файл слишком маленький (43 bytes), пропускаем
  🔄 Повторная попытка 2/3...
  ⬇️  Скачивание: https://px.ads.linkedin.com/collect/?pid=2460161&fmt=gif...
  ⚠️  Файл слишком маленький (43 bytes), пропускаем
  🔄 Повторная попытка 3/3...
  ⬇️  Скачивание: https://px.ads.linkedin.com/collect/?pid=2460161&fmt=gif...
  ⚠️  Файл слишком маленький (43 bytes), пропускаем
  ℹ️  Изображение уже существует: exagres_cfe6fb02d8.png
  🔗 Коллекция: Color del agua para piscinas
  📄 Загрузка: https://www.exagres.es/color-del-agua-para-piscinas/
  ⬇️  Скачивание: https://www.facebook.com/tr?id=442061366622575&ev=PageView&noscript=1...
  ⚠️  Не является изображением: text/plain
  ⬇️  Скачивание: https://px.ads.linkedin.com/collect/?pid=2460161&fmt=gif...
  ⚠️  Файл слишком маленький (43 bytes), пропускаем
  🔄 Повторная попытка 2/3...
  ⬇️  Скачивание: https://px.ads.linkedin.com/collect/?pid=2460161&fmt=gif...
  ⚠️  Файл слишком маленький (43 bytes), пропускаем
  🔄 Повторная попытка 3/3...
  ⬇️  Скачивание: https://px.ads.linkedin.com/collect/?pid=2460161&fmt=gif...
  ⚠️  Файл слишком маленький (43 bytes), пропускаем
  ℹ️  Изображение уже существует: exagres_cfe6fb02d8.png
  🔗 Коллекция: Fachadas Ventiladas
  📄 Загрузка: https://www.exagres.es/fachadas-ventiladas/
  ⬇️  Скачивание: https://www.facebook.com/tr?id=442061366622575&ev=PageView&noscript=1...
  ⚠️  Не является изображением: text/plain
  ⬇️  Скачивание: https://px.ads.linkedin.com/collect/?pid=2460161&fmt=gif...
  ⚠️  Файл слишком маленький (43 bytes), пропускаем
  🔄 Повторная попытка 2/3...
  ⬇️  Скачивание: https://px.ads.linkedin.com/collect/?pid=2460161&fmt=gif...
  ⚠️  Файл слишком маленький (43 bytes), пропускаем
  🔄 Повторная попытка 3/3...
  ⬇️  Скачивание: https://px.ads.linkedin.com/collect/?pid=2460161&fmt=gif...
  ⚠️  Файл слишком маленький (43 bytes), пропускаем
  ℹ️  Изображение уже существует: exagres_cfe6fb02d8.png
  🔗 Коллекция: Deck cerámico
  📄 Загрузка: https://exagres.es/suelo-tecnico-elevado-registrable/
  ⬇️  Скачивание: https://www.facebook.com/tr?id=442061366622575&ev=PageView&noscript=1...
  ⚠️  Не является изображением: text/plain
  ⬇️  Скачивание: https://px.ads.linkedin.com/collect/?pid=2460161&fmt=gif...
  ⚠️  Файл слишком маленький (43 bytes), пропускаем
  🔄 Повторная попытка 2/3...
  ⬇️  Скачивание: https://px.ads.linkedin.com/collect/?pid=2460161&fmt=gif...
  ⚠️  Файл слишком маленький (43 bytes), пропускаем
  🔄 Повторная попытка 3/3...
  ⬇️  Скачивание: https://px.ads.linkedin.com/collect/?pid=2460161&fmt=gif...
  ⚠️  Файл слишком маленький (43 bytes), пропускаем
  ℹ️  Изображение уже существует: exagres_cfe6fb02d8.png
  🔗 Коллекция: Skimmer piscina
  📄 Загрузка: https://www.exagres.es/skimmer-piscina/
  ⬇️  Скачивание: https://www.facebook.com/tr?id=442061366622575&ev=PageView&noscript=1...
  ⚠️  Не является изображением: text/plain
  ⬇️  Скачивание: https://px.ads.linkedin.com/collect/?pid=2460161&fmt=gif...
  ⚠️  Файл слишком маленький (43 bytes), пропускаем
  🔄 Повторная попытка 2/3...
  ⬇️  Скачивание: https://px.ads.linkedin.com/collect/?pid=2460161&fmt=gif...
  ⚠️  Файл слишком маленький (43 bytes), пропускаем
  🔄 Повторная попытка 3/3...
  ⬇️  Скачивание: https://px.ads.linkedin.com/collect/?pid=2460161&fmt=gif...
  ⚠️  Файл слишком маленький (43 bytes), пропускаем
  ℹ️  Изображение уже существует: exagres_cfe6fb02d8.png
  🔗 Коллекция: Bodegas
  📄 Загрузка: https://www.exagres.es/suelos-para-bodegas/
  ⬇️  Скачивание: https://www.facebook.com/tr?id=442061366622575&ev=PageView&noscript=1...
  ⚠️  Не является изображением: text/plain
  ⬇️  Скачивание: https://px.ads.linkedin.com/collect/?pid=2460161&fmt=gif...
  ⚠️  Файл слишком маленький (43 bytes), пропускаем
  🔄 Повторная попытка 2/3...
  ⬇️  Скачивание: https://px.ads.linkedin.com/collect/?pid=2460161&fmt=gif...
  ⚠️  Файл слишком маленький (43 bytes), пропускаем
  🔄 Повторная попытка 3/3...
  ⬇️  Скачивание: https://px.ads.linkedin.com/collect/?pid=2460161&fmt=gif...
  ⚠️  Файл слишком маленький (43 bytes), пропускаем
  ℹ️  Изображение уже существует: exagres_cfe6fb02d8.png
  🔗 Коллекция: Cocinas
  📄 Загрузка: https://www.exagres.es/suelo-industrial-cocina/
  ⬇️  Скачивание: https://www.facebook.com/tr?id=442061366622575&ev=PageView&noscript=1...
  ⚠️  Не является изображением: text/plain
  ⬇️  Скачивание: https://px.ads.linkedin.com/collect/?pid=2460161&fmt=gif...
  ⚠️  Файл слишком маленький (43 bytes), пропускаем
  🔄 Повторная попытка 2/3...
  ⬇️  Скачивание: https://px.ads.linkedin.com/collect/?pid=2460161&fmt=gif...
  ⚠️  Файл слишком маленький (43 bytes), пропускаем
  🔄 Повторная попытка 3/3...
  ⬇️  Скачивание: https://px.ads.linkedin.com/collect/?pid=2460161&fmt=gif...
  ⚠️  Файл слишком маленький (43 bytes), пропускаем
  ℹ️  Изображение уже существует: exagres_cfe6fb02d8.png
  🔗 Коллекция: Terrazas
  📄 Загрузка: https://www.exagres.es/suelos-para-terrazas/
  ⬇️  Скачивание: https://www.facebook.com/tr?id=442061366622575&ev=PageView&noscript=1...
  ⚠️  Не является изображением: text/plain
  ⬇️  Скачивание: https://px.ads.linkedin.com/collect/?pid=2460161&fmt=gif...
  ⚠️  Файл слишком маленький (43 bytes), пропускаем
  🔄 Повторная попытка 2/3...
  ⬇️  Скачивание: https://px.ads.linkedin.com/collect/?pid=2460161&fmt=gif...
  ⚠️  Файл слишком маленький (43 bytes), пропускаем
  🔄 Повторная попытка 3/3...
  ⬇️  Скачивание: https://px.ads.linkedin.com/collect/?pid=2460161&fmt=gif...
  ⚠️  Файл слишком маленький (43 bytes), пропускаем
  ℹ️  Изображение уже существует: exagres_cfe6fb02d8.png
  🔗 Коллекция: Patios
  📄 Загрузка: https://www.exagres.es/suelos-para-patios-exteriores/
  ⬇️  Скачивание: https://www.facebook.com/tr?id=442061366622575&ev=PageView&noscript=1...
  ⚠️  Не является изображением: text/plain
  ⬇️  Скачивание: https://px.ads.linkedin.com/collect/?pid=2460161&fmt=gif...
  ⚠️  Файл слишком маленький (43 bytes), пропускаем
  🔄 Повторная попытка 2/3...
  ⬇️  Скачивание: https://px.ads.linkedin.com/collect/?pid=2460161&fmt=gif...
  ⚠️  Файл слишком маленький (43 bytes), пропускаем
  🔄 Повторная попытка 3/3...
  ⬇️  Скачивание: https://px.ads.linkedin.com/collect/?pid=2460161&fmt=gif...
  ⚠️  Файл слишком маленький (43 bytes), пропускаем
  ℹ️  Изображение уже существует: exagres_cfe6fb02d8.png
  🔗 Коллекция: Jardín
  📄 Загрузка: https://www.exagres.es/suelos-para-jardin/
  ⬇️  Скачивание: https://www.facebook.com/tr?id=442061366622575&ev=PageView&noscript=1...
  ⚠️  Не является изображением: text/plain
  ⬇️  Скачивание: https://px.ads.linkedin.com/collect/?pid=2460161&fmt=gif...
  ⚠️  Файл слишком маленький (43 bytes), пропускаем
  🔄 Повторная попытка 2/3...
  ⬇️  Скачивание: https://px.ads.linkedin.com/collect/?pid=2460161&fmt=gif...
  ⚠️  Файл слишком маленький (43 bytes), пропускаем
  🔄 Повторная попытка 3/3...
  ⬇️  Скачивание: https://px.ads.linkedin.com/collect/?pid=2460161&fmt=gif...
  ⚠️  Файл слишком маленький (43 bytes), пропускаем
  ℹ️  Изображение уже существует: exagres_cfe6fb02d8.png
  🔗 Коллекция: Escaleras Exteriores
  📄 Загрузка: https://www.exagres.es/suelo-escalera-exterior/
  ⬇️  Скачивание: https://www.facebook.com/tr?id=442061366622575&ev=PageView&noscript=1...
  ⚠️  Не является изображением: text/plain
  ⬇️  Скачивание: https://px.ads.linkedin.com/collect/?pid=2460161&fmt=gif...
  ⚠️  Файл слишком маленький (43 bytes), пропускаем
  🔄 Повторная попытка 2/3...
  ⬇️  Скачивание: https://px.ads.linkedin.com/collect/?pid=2460161&fmt=gif...
  ⚠️  Файл слишком маленький (43 bytes), пропускаем
  🔄 Повторная попытка 3/3...
  ⬇️  Скачивание: https://px.ads.linkedin.com/collect/?pid=2460161&fmt=gif...
  ⚠️  Файл слишком маленький (43 bytes), пропускаем
  ℹ️  Изображение уже существует: exagres_cfe6fb02d8.png
  🔗 Коллекция: 20MM
  📄 Загрузка: https://www.exagres.es/pavimento-exterior-20mm/
  ⬇️  Скачивание: https://www.facebook.com/tr?id=442061366622575&ev=PageView&noscript=1...
  ⚠️  Не является изображением: text/plain
  ⬇️  Скачивание: https://px.ads.linkedin.com/collect/?pid=2460161&fmt=gif...
  ⚠️  Файл слишком маленький (43 bytes), пропускаем
  🔄 Повторная попытка 2/3...
  ⬇️  Скачивание: https://px.ads.linkedin.com/collect/?pid=2460161&fmt=gif...
  ⚠️  Файл слишком маленький (43 bytes), пропускаем
  🔄 Повторная попытка 3/3...
  ⬇️  Скачивание: https://px.ads.linkedin.com/collect/?pid=2460161&fmt=gif...
  ⚠️  Файл слишком маленький (43 bytes), пропускаем
  ℹ️  Изображение уже существует: exagres_cfe6fb02d8.png
  🔗 Коллекция: Duchas
  📄 Загрузка: https://www.exagres.es/suelos-de-ducha/
  ⬇️  Скачивание: https://www.facebook.com/tr?id=442061366622575&ev=PageView&noscript=1...
  ⚠️  Не является изображением: text/plain
  ⬇️  Скачивание: https://px.ads.linkedin.com/collect/?pid=2460161&fmt=gif...
  ⚠️  Файл слишком маленький (43 bytes), пропускаем
  🔄 Повторная попытка 2/3...
  ⬇️  Скачивание: https://px.ads.linkedin.com/collect/?pid=2460161&fmt=gif...
  ⚠️  Файл слишком маленький (43 bytes), пропускаем
  🔄 Повторная попытка 3/3...
  ⬇️  Скачивание: https://px.ads.linkedin.com/collect/?pid=2460161&fmt=gif...
  ⚠️  Файл слишком маленький (43 bytes), пропускаем
  ℹ️  Изображение уже существует: exagres_cfe6fb02d8.png
  🔗 Коллекция: Escaleras Interiores
  📄 Загрузка: https://www.exagres.es/suelos-para-escaleras-interiores/
  ⬇️  Скачивание: https://www.facebook.com/tr?id=442061366622575&ev=PageView&noscript=1...
  ⚠️  Не является изображением: text/plain
  ⬇️  Скачивание: https://px.ads.linkedin.com/collect/?pid=2460161&fmt=gif...
  ⚠️  Файл слишком маленький (43 bytes), пропускаем
  🔄 Повторная попытка 2/3...
  ⬇️  Скачивание: https://px.ads.linkedin.com/collect/?pid=2460161&fmt=gif...
  ⚠️  Файл слишком маленький (43 bytes), пропускаем
  🔄 Повторная попытка 3/3...
  ⬇️  Скачивание: https://px.ads.linkedin.com/collect/?pid=2460161&fmt=gif...
  ⚠️  Файл слишком маленький (43 bytes), пропускаем
  ℹ️  Изображение уже существует: exagres_cfe6fb02d8.png
  🔗 Коллекция: Cocinas
  📄 Загрузка: https://www.exagres.es/suelos-para-cocinas/
  ⬇️  Скачивание: https://www.facebook.com/tr?id=442061366622575&ev=PageView&noscript=1...
  ⚠️  Не является изображением: text/plain
  ⬇️  Скачивание: https://px.ads.linkedin.com/collect/?pid=2460161&fmt=gif...
  ⚠️  Файл слишком маленький (43 bytes), пропускаем
  🔄 Повторная попытка 2/3...
  ⬇️  Скачивание: https://px.ads.linkedin.com/collect/?pid=2460161&fmt=gif...
  ⚠️  Файл слишком маленький (43 bytes), пропускаем
  🔄 Повторная попытка 3/3...
  ⬇️  Скачивание: https://px.ads.linkedin.com/collect/?pid=2460161&fmt=gif...
  ⚠️  Файл слишком маленький (43 bytes), пропускаем
  ℹ️  Изображение уже существует: exagres_cfe6fb02d8.png
  🔗 Коллекция: Deck cerámico
  📄 Загрузка: https://www.exagres.es/suelo-tecnico-elevado-exterior/
  ⬇️  Скачивание: https://www.facebook.com/tr?id=442061366622575&ev=PageView&noscript=1...
  ⚠️  Не является изображением: text/plain
  ⬇️  Скачивание: https://px.ads.linkedin.com/collect/?pid=2460161&fmt=gif...
  ⚠️  Файл слишком маленький (43 bytes), пропускаем
  🔄 Повторная попытка 2/3...
  ⬇️  Скачивание: https://px.ads.linkedin.com/collect/?pid=2460161&fmt=gif...
  ⚠️  Файл слишком маленький (43 bytes), пропускаем
  🔄 Повторная попытка 3/3...
  ⬇️  Скачивание: https://px.ads.linkedin.com/collect/?pid=2460161&fmt=gif...
  ⚠️  Файл слишком маленький (43 bytes), пропускаем
  ℹ️  Изображение уже существует: exagres_cfe6fb02d8.png
  🔗 Коллекция: Piscina particular Benicassim
  📄 Загрузка: https://www.exagres.es/proyectos/piscina-particular-benicassim/
  ⬇️  Скачивание: https://www.facebook.com/tr?id=442061366622575&ev=PageView&noscript=1...
  ⚠️  Не является изображением: text/plain
  ⬇️  Скачивание: https://px.ads.linkedin.com/collect/?pid=2460161&fmt=gif...
  ⚠️  Файл слишком маленький (43 bytes), пропускаем
  🔄 Повторная попытка 2/3...
  ⬇️  Скачивание: https://px.ads.linkedin.com/collect/?pid=2460161&fmt=gif...
  ⚠️  Файл слишком маленький (43 bytes), пропускаем
  🔄 Повторная попытка 3/3...
  ⬇️  Скачивание: https://px.ads.linkedin.com/collect/?pid=2460161&fmt=gif...
  ⚠️  Файл слишком маленький (43 bytes), пропускаем
  ℹ️  Изображение уже существует: exagres_510b6ba39c.png
  🔗 Коллекция: Piscina Brasil
  📄 Загрузка: https://www.exagres.es/proyectos/piscina-brasil/
  ⬇️  Скачивание: https://www.facebook.com/tr?id=442061366622575&ev=PageView&noscript=1...
  ⚠️  Не является изображением: text/plain
  ⬇️  Скачивание: https://px.ads.linkedin.com/collect/?pid=2460161&fmt=gif...
  ⚠️  Файл слишком маленький (43 bytes), пропускаем
  🔄 Повторная попытка 2/3...
  ⬇️  Скачивание: https://px.ads.linkedin.com/collect/?pid=2460161&fmt=gif...
  ⚠️  Файл слишком маленький (43 bytes), пропускаем
  🔄 Повторная попытка 3/3...
  ⬇️  Скачивание: https://px.ads.linkedin.com/collect/?pid=2460161&fmt=gif...
  ⚠️  Файл слишком маленький (43 bytes), пропускаем
  ℹ️  Изображение уже существует: exagres_510b6ba39c.png
  🔗 Коллекция: Piscina Benicassim
  📄 Загрузка: https://www.exagres.es/proyectos/piscina-benicassim/
  ⬇️  Скачивание: https://www.facebook.com/tr?id=442061366622575&ev=PageView&noscript=1...
  ⚠️  Не является изображением: text/plain
  ⬇️  Скачивание: https://px.ads.linkedin.com/collect/?pid=2460161&fmt=gif...
  ⚠️  Файл слишком маленький (43 bytes), пропускаем
  🔄 Повторная попытка 2/3...
  ⬇️  Скачивание: https://px.ads.linkedin.com/collect/?pid=2460161&fmt=gif...
  ⚠️  Файл слишком маленький (43 bytes), пропускаем
  🔄 Повторная попытка 3/3...
  ⬇️  Скачивание: https://px.ads.linkedin.com/collect/?pid=2460161&fmt=gif...
  ⚠️  Файл слишком маленький (43 bytes), пропускаем
  ℹ️  Изображение уже существует: exagres_510b6ba39c.png
  🔗 Коллекция: Piscina Privada Fuerteventura
  📄 Загрузка: https://www.exagres.es/proyectos/piscina-privada-fuerteventura/
  ⬇️  Скачивание: https://www.facebook.com/tr?id=442061366622575&ev=PageView&noscript=1...
  ⚠️  Не является изображением: text/plain
  ⬇️  Скачивание: https://px.ads.linkedin.com/collect/?pid=2460161&fmt=gif...
  ⚠️  Файл слишком маленький (43 bytes), пропускаем
  🔄 Повторная попытка 2/3...
  ⬇️  Скачивание: https://px.ads.linkedin.com/collect/?pid=2460161&fmt=gif...
  ⚠️  Файл слишком маленький (43 bytes), пропускаем
  🔄 Повторная попытка 3/3...
  ⬇️  Скачивание: https://px.ads.linkedin.com/collect/?pid=2460161&fmt=gif...
  ⚠️  Файл слишком маленький (43 bytes), пропускаем
  ℹ️  Изображение уже существует: exagres_cfe6fb02d8.png
  ✅ Найдено коллекций: 31
Найдено коллекций: 31
ℹ️  Уже существует: Gresan gres extruido
ℹ️  Уже существует: Pavimento industrial
ℹ️  Уже существует: Torelos para peldaños
ℹ️  Уже существует: Vierteaguas
ℹ️  Уже существует: Pasamanos
ℹ️  Уже существует: Suelo exterior
ℹ️  Уже существует: Suelos de interior
ℹ️  Уже существует: Piscinas
ℹ️  Уже существует: Piscina desbordante
ℹ️  Уже существует: Piscina Infinity
ℹ️  Уже существует: Piscinas Porcelánicas
ℹ️  Уже существует: Piscinas Modernas
ℹ️  Уже существует: Color del agua para piscinas
ℹ️  Уже существует: Fachadas Ventiladas
ℹ️  Уже существует: Deck cerámico
ℹ️  Уже существует: Skimmer piscina
ℹ️  Уже существует: Bodegas
ℹ️  Уже существует: Cocinas
ℹ️  Уже существует: Terrazas
ℹ️  Уже существует: Patios
ℹ️  Уже существует: Jardín
ℹ️  Уже существует: Escaleras Exteriores
ℹ️  Уже существует: 20MM
ℹ️  Уже существует: Duchas
ℹ️  Уже существует: Escaleras Interiores
ℹ️  Уже существует: Cocinas
ℹ️  Уже существует: Deck cerámico
ℹ️  Уже существует: Piscina particular Benicassim
ℹ️  Уже существует: Piscina Brasil
ℹ️  Уже существует: Piscina Benicassim
ℹ️  Уже существует: Piscina Privada Fuerteventura

✅ Добавлено коллекций: 0

📊 Статус Exagres:
   Всего контента: 62
   С картинками: 62
   Без картинок: 0
